<?xml version="1.0" encoding="UTF-8"?>
<testsuite xmlns:xsi="http://www.w3.org/2001/XMLSchema-instance" xsi:noNamespaceSchemaLocation="https://maven.apache.org/surefire/maven-surefire-plugin/xsd/surefire-test-report-3.0.xsd" version="3.0" name="esiea.integration.DatabaseAndAPITest" time="0.393" tests="5" errors="0" skipped="0" failures="0">
  <properties>
[...]
</properties>
  <testcase name="testVoitureFromJson" classname="esiea.integration.DatabaseAndAPITest" time="0.0"/>
  <testcase name="testToutesVoitures" classname="esiea.integration.DatabaseAndAPITest" time="0.264">
    <system-out><![CDATA[2023-11-03 11:14:01 DEBUG Configuration:31 - Fichier de conf ou contexte : src/main/resources/conf.properties
2023-11-03 11:14:01 DEBUG Configuration:32 - java.io.BufferedInputStream@14b7786
2023-11-03 11:14:01 INFO  Configuration:35 - Chargement du fichier de conf : src/main/resources/conf.properties
2023-11-03 11:14:01 DEBUG Configuration:52 - Lecture de la clé bdd.serveur dans la config
2023-11-03 11:14:01 DEBUG Configuration:57 - Lecture de la cl� bdd.serveur dans la config : localhost
2023-11-03 11:14:01 DEBUG Configuration:52 - Lecture de la clé bdd.port dans la config
2023-11-03 11:14:01 DEBUG Configuration:57 - Lecture de la cl� bdd.port dans la config : 3306
2023-11-03 11:14:01 DEBUG Configuration:52 - Lecture de la clé bdd.nom dans la config
2023-11-03 11:14:01 DEBUG Configuration:57 - Lecture de la cl� bdd.nom dans la config : stockcar
2023-11-03 11:14:01 DEBUG Configuration:52 - Lecture de la clé bdd.utilisateur dans la config
2023-11-03 11:14:01 DEBUG Configuration:57 - Lecture de la cl� bdd.utilisateur dans la config : stockcar
2023-11-03 11:14:01 DEBUG Configuration:52 - Lecture de la clé bdd.mdp dans la config
2023-11-03 11:14:01 DEBUG Configuration:57 - Lecture de la cl� bdd.mdp dans la config : stockcar
2023-11-03 11:14:01 DEBUG VoitureDAO:33 - Connexion � la base OK !com.mysql.cj.jdbc.ConnectionImpl@56928e17
2023-11-03 11:14:01 DEBUG VoitureDAO:33 - Connexion � la base OK !com.mysql.cj.jdbc.ConnectionImpl@56928e17
]]></system-out>
  </testcase>
  <testcase name="testSupprimerVoiture" classname="esiea.integration.DatabaseAndAPITest" time="0.017">
    <system-out><![CDATA[2023-11-03 11:14:02 DEBUG Configuration:52 - Lecture de la clé bdd.serveur dans la config
2023-11-03 11:14:02 DEBUG Configuration:57 - Lecture de la cl� bdd.serveur dans la config : localhost
2023-11-03 11:14:02 DEBUG Configuration:52 - Lecture de la clé bdd.port dans la config
2023-11-03 11:14:02 DEBUG Configuration:57 - Lecture de la cl� bdd.port dans la config : 3306
2023-11-03 11:14:02 DEBUG Configuration:52 - Lecture de la clé bdd.nom dans la config
2023-11-03 11:14:02 DEBUG Configuration:57 - Lecture de la cl� bdd.nom dans la config : stockcar
2023-11-03 11:14:02 DEBUG Configuration:52 - Lecture de la clé bdd.utilisateur dans la config
2023-11-03 11:14:02 DEBUG Configuration:57 - Lecture de la cl� bdd.utilisateur dans la config : stockcar
2023-11-03 11:14:02 DEBUG Configuration:52 - Lecture de la clé bdd.mdp dans la config
2023-11-03 11:14:02 DEBUG Configuration:57 - Lecture de la cl� bdd.mdp dans la config : stockcar
2023-11-03 11:14:02 DEBUG VoitureDAO:33 - Connexion � la base OK !com.mysql.cj.jdbc.ConnectionImpl@5d342959
]]></system-out>
  </testcase>
  <testcase name="testGetVoituresJsonAll" classname="esiea.integration.DatabaseAndAPITest" time="0.095">
    <system-out><![CDATA[2023-11-03 11:14:02 DEBUG Configuration:52 - Lecture de la clé bdd.serveur dans la config
2023-11-03 11:14:02 DEBUG Configuration:57 - Lecture de la cl� bdd.serveur dans la config : localhost
2023-11-03 11:14:02 DEBUG Configuration:52 - Lecture de la clé bdd.port dans la config
2023-11-03 11:14:02 DEBUG Configuration:57 - Lecture de la cl� bdd.port dans la config : 3306
2023-11-03 11:14:02 DEBUG Configuration:52 - Lecture de la clé bdd.nom dans la config
2023-11-03 11:14:02 DEBUG Configuration:57 - Lecture de la cl� bdd.nom dans la config : stockcar
2023-11-03 11:14:02 DEBUG Configuration:52 - Lecture de la clé bdd.utilisateur dans la config
2023-11-03 11:14:02 DEBUG Configuration:57 - Lecture de la cl� bdd.utilisateur dans la config : stockcar
2023-11-03 11:14:02 DEBUG Configuration:52 - Lecture de la clé bdd.mdp dans la config
2023-11-03 11:14:02 DEBUG Configuration:57 - Lecture de la cl� bdd.mdp dans la config : stockcar
2023-11-03 11:14:02 DEBUG VoitureDAO:33 - Connexion � la base OK !com.mysql.cj.jdbc.ConnectionImpl@79aee22a
2023-11-03 11:14:02 DEBUG VoitureDAO:33 - Connexion � la base OK !com.mysql.cj.jdbc.ConnectionImpl@79aee22a
]]></system-out>
  </testcase>
  <testcase name="testAjouterVoiture" classname="esiea.integration.DatabaseAndAPITest" time="0.015">
    <system-out><![CDATA[2023-11-03 11:14:02 DEBUG Configuration:52 - Lecture de la clé bdd.serveur dans la config
2023-11-03 11:14:02 DEBUG Configuration:57 - Lecture de la cl� bdd.serveur dans la config : localhost
2023-11-03 11:14:02 DEBUG Configuration:52 - Lecture de la clé bdd.port dans la config
2023-11-03 11:14:02 DEBUG Configuration:57 - Lecture de la cl� bdd.port dans la config : 3306
2023-11-03 11:14:02 DEBUG Configuration:52 - Lecture de la clé bdd.nom dans la config
2023-11-03 11:14:02 DEBUG Configuration:57 - Lecture de la cl� bdd.nom dans la config : stockcar
2023-11-03 11:14:02 DEBUG Configuration:52 - Lecture de la clé bdd.utilisateur dans la config
2023-11-03 11:14:02 DEBUG Configuration:57 - Lecture de la cl� bdd.utilisateur dans la config : stockcar
2023-11-03 11:14:02 DEBUG Configuration:52 - Lecture de la clé bdd.mdp dans la config
2023-11-03 11:14:02 DEBUG Configuration:57 - Lecture de la cl� bdd.mdp dans la config : stockcar
2023-11-03 11:14:02 DEBUG VoitureDAO:33 - Connexion � la base OK !com.mysql.cj.jdbc.ConnectionImpl@2c829dbc
]]></system-out>
  </testcase>
</testsuite>