<?xml version="1.0" encoding="UTF-8"?>
<testsuite xmlns:xsi="http://www.w3.org/2001/XMLSchema-instance" xsi:noNamespaceSchemaLocation="https://maven.apache.org/surefire/maven-surefire-plugin/xsd/surefire-test-report-3.0.xsd" version="3.0" name="esiea.unit.VoitureDAOTest" time="0.769" tests="2" errors="0" skipped="0" failures="0">
  <properties>
[...]
</properties>
  <testcase name="testSupprimerVoiture" classname="esiea.unit.VoitureDAOTest" time="0.764">
    <system-out><![CDATA[log4j: reset attribute= "false".
log4j: Threshold ="null".
log4j: Class name: [org.apache.log4j.FileAppender]
log4j: Setting property [append] to [false].
log4j: Setting property [file] to [/logs/stockcar_out.log].
log4j: Parsing layout of class: "org.apache.log4j.PatternLayout"
log4j: Setting property [conversionPattern] to [%d{yyyy-MM-dd HH:mm:ss} %-5p %c{1}:%L - %m%n].
log4j: setFile called: /logs/stockcar_out.log, false
log4j: Adding appender named [filedebug] to category [root].
log4j: Class name: [org.apache.log4j.FileAppender]
log4j: Setting property [append] to [false].
log4j: Setting property [file] to [/logs/stockcar_err.log].
log4j: Parsing layout of class: "org.apache.log4j.PatternLayout"
log4j: Setting property [conversionPattern] to [%d{yyyy-MM-dd HH:mm:ss} %-5p %c{1}:%L - %m%n].
log4j: setFile called: /logs/stockcar_err.log, false
log4j: Adding appender named [fileerror] to category [root].
log4j: Class name: [org.apache.log4j.ConsoleAppender]
log4j: Parsing layout of class: "org.apache.log4j.PatternLayout"
log4j: Setting property [conversionPattern] to [%d{yyyy-MM-dd HH:mm:ss} %-5p %c{1}:%L - %m%n].
log4j: Adding appender named [console] to category [root].
2023-11-03 11:14:01 DEBUG VoitureDAO:33 - Connexion � la base OK !Mock for Connection, hashCode: 1547116051
]]></system-out>
    <system-err><![CDATA[log4j:ERROR Could not instantiate class [org.apache.log4j.varia.LevelRangerFilter].
java.lang.ClassNotFoundException: org.apache.log4j.varia.LevelRangerFilter
	at java.base/jdk.internal.loader.BuiltinClassLoader.loadClass(BuiltinClassLoader.java:641)
	at java.base/jdk.internal.loader.ClassLoaders$AppClassLoader.loadClass(ClassLoaders.java:188)
	at java.base/java.lang.ClassLoader.loadClass(ClassLoader.java:521)
	at java.base/java.lang.Class.forName0(Native Method)
	at java.base/java.lang.Class.forName(Class.java:391)
	at java.base/java.lang.Class.forName(Class.java:382)
	at org.apache.log4j.helpers.Loader.loadClass(Loader.java:198)
	at org.apache.log4j.helpers.OptionConverter.instantiateByClassName(OptionConverter.java:327)
	at org.apache.log4j.xml.DOMConfigurator.parseFilters(DOMConfigurator.java:360)
	at org.apache.log4j.xml.DOMConfigurator.parseAppender(DOMConfigurator.java:273)
	at org.apache.log4j.xml.DOMConfigurator.findAppenderByName(DOMConfigurator.java:176)
	at org.apache.log4j.xml.DOMConfigurator.findAppenderByReference(DOMConfigurator.java:191)
	at org.apache.log4j.xml.DOMConfigurator.parseChildrenOfLoggerElement(DOMConfigurator.java:523)
	at org.apache.log4j.xml.DOMConfigurator.parseRoot(DOMConfigurator.java:492)
	at org.apache.log4j.xml.DOMConfigurator.parse(DOMConfigurator.java:1006)
	at org.apache.log4j.xml.DOMConfigurator.doConfigure(DOMConfigurator.java:872)
	at org.apache.log4j.xml.DOMConfigurator.doConfigure(DOMConfigurator.java:778)
	at org.apache.log4j.helpers.OptionConverter.selectAndConfigure(OptionConverter.java:526)
	at org.apache.log4j.LogManager.<clinit>(LogManager.java:127)
	at org.apache.log4j.Logger.getLogger(Logger.java:117)
	at esiea.dao.VoitureDAO.<clinit>(VoitureDAO.java:15)
	at esiea.unit.VoitureDAOTest.setUp(VoitureDAOTest.java:27)
	at java.base/jdk.internal.reflect.DirectMethodHandleAccessor.invoke(DirectMethodHandleAccessor.java:104)
	at java.base/java.lang.reflect.Method.invoke(Method.java:578)
	at org.junit.runners.model.FrameworkMethod$1.runReflectiveCall(FrameworkMethod.java:59)
	at org.junit.internal.runners.model.ReflectiveCallable.run(ReflectiveCallable.java:12)
	at org.junit.runners.model.FrameworkMethod.invokeExplosively(FrameworkMethod.java:56)
	at org.junit.internal.runners.statements.RunBefores.invokeMethod(RunBefores.java:33)
	at org.junit.internal.runners.statements.RunBefores.evaluate(RunBefores.java:24)
	at org.junit.runners.ParentRunner$3.evaluate(ParentRunner.java:306)
	at org.junit.runners.BlockJUnit4ClassRunner$1.evaluate(BlockJUnit4ClassRunner.java:100)
	at org.junit.runners.ParentRunner.runLeaf(ParentRunner.java:366)
	at org.junit.runners.BlockJUnit4ClassRunner.runChild(BlockJUnit4ClassRunner.java:103)
	at org.junit.runners.BlockJUnit4ClassRunner.runChild(BlockJUnit4ClassRunner.java:63)
	at org.junit.runners.ParentRunner$4.run(ParentRunner.java:331)
	at org.junit.runners.ParentRunner$1.schedule(ParentRunner.java:79)
	at org.junit.runners.ParentRunner.runChildren(ParentRunner.java:329)
	at org.junit.runners.ParentRunner.access$100(ParentRunner.java:66)
	at org.junit.runners.ParentRunner$2.evaluate(ParentRunner.java:293)
	at org.junit.runners.ParentRunner$3.evaluate(ParentRunner.java:306)
	at org.junit.runners.ParentRunner.run(ParentRunner.java:413)
	at org.apache.maven.surefire.junit4.JUnit4Provider.execute(JUnit4Provider.java:316)
	at org.apache.maven.surefire.junit4.JUnit4Provider.executeWithRerun(JUnit4Provider.java:240)
	at org.apache.maven.surefire.junit4.JUnit4Provider.executeTestSet(JUnit4Provider.java:214)
	at org.apache.maven.surefire.junit4.JUnit4Provider.invoke(JUnit4Provider.java:155)
	at org.apache.maven.surefire.booter.ForkedBooter.runSuitesInProcess(ForkedBooter.java:385)
	at org.apache.maven.surefire.booter.ForkedBooter.execute(ForkedBooter.java:162)
	at org.apache.maven.surefire.booter.ForkedBooter.run(ForkedBooter.java:507)
	at org.apache.maven.surefire.booter.ForkedBooter.main(ForkedBooter.java:495)
log4j:ERROR setFile(null,false) call failed.
java.io.FileNotFoundException: /logs/stockcar_out.log (No such file or directory)
	at java.base/java.io.FileOutputStream.open0(Native Method)
	at java.base/java.io.FileOutputStream.open(FileOutputStream.java:295)
	at java.base/java.io.FileOutputStream.<init>(FileOutputStream.java:236)
	at java.base/java.io.FileOutputStream.<init>(FileOutputStream.java:156)
	at org.apache.log4j.FileAppender.setFile(FileAppender.java:294)
	at org.apache.log4j.FileAppender.activateOptions(FileAppender.java:165)
	at org.apache.log4j.config.PropertySetter.activate(PropertySetter.java:307)
	at org.apache.log4j.xml.DOMConfigurator.parseAppender(DOMConfigurator.java:295)
	at org.apache.log4j.xml.DOMConfigurator.findAppenderByName(DOMConfigurator.java:176)
	at org.apache.log4j.xml.DOMConfigurator.findAppenderByReference(DOMConfigurator.java:191)
	at org.apache.log4j.xml.DOMConfigurator.parseChildrenOfLoggerElement(DOMConfigurator.java:523)
	at org.apache.log4j.xml.DOMConfigurator.parseRoot(DOMConfigurator.java:492)
	at org.apache.log4j.xml.DOMConfigurator.parse(DOMConfigurator.java:1006)
	at org.apache.log4j.xml.DOMConfigurator.doConfigure(DOMConfigurator.java:872)
	at org.apache.log4j.xml.DOMConfigurator.doConfigure(DOMConfigurator.java:778)
	at org.apache.log4j.helpers.OptionConverter.selectAndConfigure(OptionConverter.java:526)
	at org.apache.log4j.LogManager.<clinit>(LogManager.java:127)
	at org.apache.log4j.Logger.getLogger(Logger.java:117)
	at esiea.dao.VoitureDAO.<clinit>(VoitureDAO.java:15)
	at esiea.unit.VoitureDAOTest.setUp(VoitureDAOTest.java:27)
	at java.base/jdk.internal.reflect.DirectMethodHandleAccessor.invoke(DirectMethodHandleAccessor.java:104)
	at java.base/java.lang.reflect.Method.invoke(Method.java:578)
	at org.junit.runners.model.FrameworkMethod$1.runReflectiveCall(FrameworkMethod.java:59)
	at org.junit.internal.runners.model.ReflectiveCallable.run(ReflectiveCallable.java:12)
	at org.junit.runners.model.FrameworkMethod.invokeExplosively(FrameworkMethod.java:56)
	at org.junit.internal.runners.statements.RunBefores.invokeMethod(RunBefores.java:33)
	at org.junit.internal.runners.statements.RunBefores.evaluate(RunBefores.java:24)
	at org.junit.runners.ParentRunner$3.evaluate(ParentRunner.java:306)
	at org.junit.runners.BlockJUnit4ClassRunner$1.evaluate(BlockJUnit4ClassRunner.java:100)
	at org.junit.runners.ParentRunner.runLeaf(ParentRunner.java:366)
	at org.junit.runners.BlockJUnit4ClassRunner.runChild(BlockJUnit4ClassRunner.java:103)
	at org.junit.runners.BlockJUnit4ClassRunner.runChild(BlockJUnit4ClassRunner.java:63)
	at org.junit.runners.ParentRunner$4.run(ParentRunner.java:331)
	at org.junit.runners.ParentRunner$1.schedule(ParentRunner.java:79)
	at org.junit.runners.ParentRunner.runChildren(ParentRunner.java:329)
	at org.junit.runners.ParentRunner.access$100(ParentRunner.java:66)
	at org.junit.runners.ParentRunner$2.evaluate(ParentRunner.java:293)
	at org.junit.runners.ParentRunner$3.evaluate(ParentRunner.java:306)
	at org.junit.runners.ParentRunner.run(ParentRunner.java:413)
	at org.apache.maven.surefire.junit4.JUnit4Provider.execute(JUnit4Provider.java:316)
	at org.apache.maven.surefire.junit4.JUnit4Provider.executeWithRerun(JUnit4Provider.java:240)
	at org.apache.maven.surefire.junit4.JUnit4Provider.executeTestSet(JUnit4Provider.java:214)
	at org.apache.maven.surefire.junit4.JUnit4Provider.invoke(JUnit4Provider.java:155)
	at org.apache.maven.surefire.booter.ForkedBooter.runSuitesInProcess(ForkedBooter.java:385)
	at org.apache.maven.surefire.booter.ForkedBooter.execute(ForkedBooter.java:162)
	at org.apache.maven.surefire.booter.ForkedBooter.run(ForkedBooter.java:507)
	at org.apache.maven.surefire.booter.ForkedBooter.main(ForkedBooter.java:495)
log4j:ERROR Could not instantiate class [org.apache.log4j.varia.LevelRangerFilter].
java.lang.ClassNotFoundException: org.apache.log4j.varia.LevelRangerFilter
	at java.base/jdk.internal.loader.BuiltinClassLoader.loadClass(BuiltinClassLoader.java:641)
	at java.base/jdk.internal.loader.ClassLoaders$AppClassLoader.loadClass(ClassLoaders.java:188)
	at java.base/java.lang.ClassLoader.loadClass(ClassLoader.java:521)
	at java.base/java.lang.Class.forName0(Native Method)
	at java.base/java.lang.Class.forName(Class.java:391)
	at java.base/java.lang.Class.forName(Class.java:382)
	at org.apache.log4j.helpers.Loader.loadClass(Loader.java:198)
	at org.apache.log4j.helpers.OptionConverter.instantiateByClassName(OptionConverter.java:327)
	at org.apache.log4j.xml.DOMConfigurator.parseFilters(DOMConfigurator.java:360)
	at org.apache.log4j.xml.DOMConfigurator.parseAppender(DOMConfigurator.java:273)
	at org.apache.log4j.xml.DOMConfigurator.findAppenderByName(DOMConfigurator.java:176)
	at org.apache.log4j.xml.DOMConfigurator.findAppenderByReference(DOMConfigurator.java:191)
	at org.apache.log4j.xml.DOMConfigurator.parseChildrenOfLoggerElement(DOMConfigurator.java:523)
	at org.apache.log4j.xml.DOMConfigurator.parseRoot(DOMConfigurator.java:492)
	at org.apache.log4j.xml.DOMConfigurator.parse(DOMConfigurator.java:1006)
	at org.apache.log4j.xml.DOMConfigurator.doConfigure(DOMConfigurator.java:872)
	at org.apache.log4j.xml.DOMConfigurator.doConfigure(DOMConfigurator.java:778)
	at org.apache.log4j.helpers.OptionConverter.selectAndConfigure(OptionConverter.java:526)
	at org.apache.log4j.LogManager.<clinit>(LogManager.java:127)
	at org.apache.log4j.Logger.getLogger(Logger.java:117)
	at esiea.dao.VoitureDAO.<clinit>(VoitureDAO.java:15)
	at esiea.unit.VoitureDAOTest.setUp(VoitureDAOTest.java:27)
	at java.base/jdk.internal.reflect.DirectMethodHandleAccessor.invoke(DirectMethodHandleAccessor.java:104)
	at java.base/java.lang.reflect.Method.invoke(Method.java:578)
	at org.junit.runners.model.FrameworkMethod$1.runReflectiveCall(FrameworkMethod.java:59)
	at org.junit.internal.runners.model.ReflectiveCallable.run(ReflectiveCallable.java:12)
	at org.junit.runners.model.FrameworkMethod.invokeExplosively(FrameworkMethod.java:56)
	at org.junit.internal.runners.statements.RunBefores.invokeMethod(RunBefores.java:33)
	at org.junit.internal.runners.statements.RunBefores.evaluate(RunBefores.java:24)
	at org.junit.runners.ParentRunner$3.evaluate(ParentRunner.java:306)
	at org.junit.runners.BlockJUnit4ClassRunner$1.evaluate(BlockJUnit4ClassRunner.java:100)
	at org.junit.runners.ParentRunner.runLeaf(ParentRunner.java:366)
	at org.junit.runners.BlockJUnit4ClassRunner.runChild(BlockJUnit4ClassRunner.java:103)
	at org.junit.runners.BlockJUnit4ClassRunner.runChild(BlockJUnit4ClassRunner.java:63)
	at org.junit.runners.ParentRunner$4.run(ParentRunner.java:331)
	at org.junit.runners.ParentRunner$1.schedule(ParentRunner.java:79)
	at org.junit.runners.ParentRunner.runChildren(ParentRunner.java:329)
	at org.junit.runners.ParentRunner.access$100(ParentRunner.java:66)
	at org.junit.runners.ParentRunner$2.evaluate(ParentRunner.java:293)
	at org.junit.runners.ParentRunner$3.evaluate(ParentRunner.java:306)
	at org.junit.runners.ParentRunner.run(ParentRunner.java:413)
	at org.apache.maven.surefire.junit4.JUnit4Provider.execute(JUnit4Provider.java:316)
	at org.apache.maven.surefire.junit4.JUnit4Provider.executeWithRerun(JUnit4Provider.java:240)
	at org.apache.maven.surefire.junit4.JUnit4Provider.executeTestSet(JUnit4Provider.java:214)
	at org.apache.maven.surefire.junit4.JUnit4Provider.invoke(JUnit4Provider.java:155)
	at org.apache.maven.surefire.booter.ForkedBooter.runSuitesInProcess(ForkedBooter.java:385)
	at org.apache.maven.surefire.booter.ForkedBooter.execute(ForkedBooter.java:162)
	at org.apache.maven.surefire.booter.ForkedBooter.run(ForkedBooter.java:507)
	at org.apache.maven.surefire.booter.ForkedBooter.main(ForkedBooter.java:495)
log4j:ERROR setFile(null,false) call failed.
java.io.FileNotFoundException: /logs/stockcar_err.log (No such file or directory)
	at java.base/java.io.FileOutputStream.open0(Native Method)
	at java.base/java.io.FileOutputStream.open(FileOutputStream.java:295)
	at java.base/java.io.FileOutputStream.<init>(FileOutputStream.java:236)
	at java.base/java.io.FileOutputStream.<init>(FileOutputStream.java:156)
	at org.apache.log4j.FileAppender.setFile(FileAppender.java:294)
	at org.apache.log4j.FileAppender.activateOptions(FileAppender.java:165)
	at org.apache.log4j.config.PropertySetter.activate(PropertySetter.java:307)
	at org.apache.log4j.xml.DOMConfigurator.parseAppender(DOMConfigurator.java:295)
	at org.apache.log4j.xml.DOMConfigurator.findAppenderByName(DOMConfigurator.java:176)
	at org.apache.log4j.xml.DOMConfigurator.findAppenderByReference(DOMConfigurator.java:191)
	at org.apache.log4j.xml.DOMConfigurator.parseChildrenOfLoggerElement(DOMConfigurator.java:523)
	at org.apache.log4j.xml.DOMConfigurator.parseRoot(DOMConfigurator.java:492)
	at org.apache.log4j.xml.DOMConfigurator.parse(DOMConfigurator.java:1006)
	at org.apache.log4j.xml.DOMConfigurator.doConfigure(DOMConfigurator.java:872)
	at org.apache.log4j.xml.DOMConfigurator.doConfigure(DOMConfigurator.java:778)
	at org.apache.log4j.helpers.OptionConverter.selectAndConfigure(OptionConverter.java:526)
	at org.apache.log4j.LogManager.<clinit>(LogManager.java:127)
	at org.apache.log4j.Logger.getLogger(Logger.java:117)
	at esiea.dao.VoitureDAO.<clinit>(VoitureDAO.java:15)
	at esiea.unit.VoitureDAOTest.setUp(VoitureDAOTest.java:27)
	at java.base/jdk.internal.reflect.DirectMethodHandleAccessor.invoke(DirectMethodHandleAccessor.java:104)
	at java.base/java.lang.reflect.Method.invoke(Method.java:578)
	at org.junit.runners.model.FrameworkMethod$1.runReflectiveCall(FrameworkMethod.java:59)
	at org.junit.internal.runners.model.ReflectiveCallable.run(ReflectiveCallable.java:12)
	at org.junit.runners.model.FrameworkMethod.invokeExplosively(FrameworkMethod.java:56)
	at org.junit.internal.runners.statements.RunBefores.invokeMethod(RunBefores.java:33)
	at org.junit.internal.runners.statements.RunBefores.evaluate(RunBefores.java:24)
	at org.junit.runners.ParentRunner$3.evaluate(ParentRunner.java:306)
	at org.junit.runners.BlockJUnit4ClassRunner$1.evaluate(BlockJUnit4ClassRunner.java:100)
	at org.junit.runners.ParentRunner.runLeaf(ParentRunner.java:366)
	at org.junit.runners.BlockJUnit4ClassRunner.runChild(BlockJUnit4ClassRunner.java:103)
	at org.junit.runners.BlockJUnit4ClassRunner.runChild(BlockJUnit4ClassRunner.java:63)
	at org.junit.runners.ParentRunner$4.run(ParentRunner.java:331)
	at org.junit.runners.ParentRunner$1.schedule(ParentRunner.java:79)
	at org.junit.runners.ParentRunner.runChildren(ParentRunner.java:329)
	at org.junit.runners.ParentRunner.access$100(ParentRunner.java:66)
	at org.junit.runners.ParentRunner$2.evaluate(ParentRunner.java:293)
	at org.junit.runners.ParentRunner$3.evaluate(ParentRunner.java:306)
	at org.junit.runners.ParentRunner.run(ParentRunner.java:413)
	at org.apache.maven.surefire.junit4.JUnit4Provider.execute(JUnit4Provider.java:316)
	at org.apache.maven.surefire.junit4.JUnit4Provider.executeWithRerun(JUnit4Provider.java:240)
	at org.apache.maven.surefire.junit4.JUnit4Provider.executeTestSet(JUnit4Provider.java:214)
	at org.apache.maven.surefire.junit4.JUnit4Provider.invoke(JUnit4Provider.java:155)
	at org.apache.maven.surefire.booter.ForkedBooter.runSuitesInProcess(ForkedBooter.java:385)
	at org.apache.maven.surefire.booter.ForkedBooter.execute(ForkedBooter.java:162)
	at org.apache.maven.surefire.booter.ForkedBooter.run(ForkedBooter.java:507)
	at org.apache.maven.surefire.booter.ForkedBooter.main(ForkedBooter.java:495)
]]></system-err>
  </testcase>
  <testcase name="testAjouterVoiture" classname="esiea.unit.VoitureDAOTest" time="0.002">
    <system-out><![CDATA[2023-11-03 11:14:01 DEBUG VoitureDAO:33 - Connexion � la base OK !Mock for Connection, hashCode: 905329146
]]></system-out>
  </testcase>
</testsuite>